2021-05-05 22:31:24,553 DEBUG    Starting new HTTPS connection (1): huggingface.co:443
2021-05-05 22:31:24,630 DEBUG    Starting new HTTPS connection (1): huggingface.co:443
2021-05-05 22:31:24,634 DEBUG    Starting new HTTPS connection (1): huggingface.co:443
2021-05-05 22:31:24,638 DEBUG    Starting new HTTPS connection (1): huggingface.co:443
2021-05-05 22:31:24,642 DEBUG    Starting new HTTPS connection (1): huggingface.co:443
2021-05-05 22:31:24,762 DEBUG    Starting new HTTPS connection (1): huggingface.co:443
2021-05-05 22:31:25,983 DEBUG    Starting new HTTPS connection (1): huggingface.co:443
2021-05-05 22:31:45,478 INFO     language model running on 1 GPU
2021-05-05 22:31:45,478 DEBUG    	 * template       : None
2021-05-05 22:31:45,478 DEBUG    	 * custom template: c
2021-05-05 22:31:45,481 INFO     hyperparameters
2021-05-05 22:31:45,481 INFO     	 * model: roberta-large
2021-05-05 22:31:45,481 INFO     	 * max_length: 64
2021-05-05 22:31:45,481 INFO     	 * mode: average_no_mask
2021-05-05 22:31:45,481 INFO     	 * data: semeval2012
2021-05-05 22:31:45,481 INFO     	 * n_sample: 10
2021-05-05 22:31:45,481 INFO     	 * custom_template_type: c
2021-05-05 22:31:45,481 INFO     	 * template: None
2021-05-05 22:31:45,481 INFO     	 * softmax_loss: True
2021-05-05 22:31:45,481 INFO     	 * in_batch_negative: True
2021-05-05 22:31:45,482 INFO     	 * parent_contrast: True
2021-05-05 22:31:45,482 INFO     	 * mse_margin: 1
2021-05-05 22:31:45,482 INFO     	 * epoch: 2
2021-05-05 22:31:45,482 INFO     	 * lr_warmup: 100
2021-05-05 22:31:45,482 INFO     	 * batch: 16
2021-05-05 22:31:45,482 INFO     	 * lr: 5e-05
2021-05-05 22:31:45,482 INFO     	 * lr_decay: False
2021-05-05 22:31:45,482 INFO     	 * weight_decay: 0
2021-05-05 22:31:45,482 INFO     	 * optimizer: adam
2021-05-05 22:31:45,482 INFO     	 * momentum: 0.9
2021-05-05 22:31:45,482 INFO     	 * fp16: False
2021-05-05 22:31:45,482 INFO     	 * random_seed: 0
2021-05-05 22:31:48,401 INFO     add linear layer for softmax_loss
2021-05-05 22:31:48,408 DEBUG    74 positive data to encode
2021-05-05 22:31:48,408 DEBUG    preparing negative data
2021-05-05 22:32:32,343 INFO     start model training
2021-05-05 22:45:47,919 DEBUG    Starting new HTTPS connection (1): huggingface.co:443
2021-05-05 22:45:47,947 DEBUG    Starting new HTTPS connection (1): huggingface.co:443
2021-05-05 22:45:47,950 DEBUG    Starting new HTTPS connection (1): huggingface.co:443
2021-05-05 22:45:47,954 DEBUG    Starting new HTTPS connection (1): huggingface.co:443
2021-05-05 22:45:47,957 DEBUG    Starting new HTTPS connection (1): huggingface.co:443
2021-05-05 22:45:48,029 DEBUG    Starting new HTTPS connection (1): huggingface.co:443
2021-05-05 22:45:48,801 DEBUG    Starting new HTTPS connection (1): huggingface.co:443
2021-05-05 22:46:00,452 INFO     language model running on 2 GPU
2021-05-05 22:46:00,452 DEBUG    	 * template       : None
2021-05-05 22:46:00,452 DEBUG    	 * custom template: c
2021-05-05 22:46:00,455 INFO     hyperparameters
2021-05-05 22:46:00,455 INFO     	 * model: roberta-large
2021-05-05 22:46:00,455 INFO     	 * max_length: 64
2021-05-05 22:46:00,455 INFO     	 * mode: average_no_mask
2021-05-05 22:46:00,455 INFO     	 * data: semeval2012
2021-05-05 22:46:00,455 INFO     	 * n_sample: 10
2021-05-05 22:46:00,455 INFO     	 * custom_template_type: c
2021-05-05 22:46:00,455 INFO     	 * template: None
2021-05-05 22:46:00,455 INFO     	 * softmax_loss: True
2021-05-05 22:46:00,455 INFO     	 * in_batch_negative: True
2021-05-05 22:46:00,455 INFO     	 * parent_contrast: True
2021-05-05 22:46:00,455 INFO     	 * mse_margin: 1
2021-05-05 22:46:00,455 INFO     	 * epoch: 2
2021-05-05 22:46:00,455 INFO     	 * lr_warmup: 100
2021-05-05 22:46:00,455 INFO     	 * batch: 16
2021-05-05 22:46:00,455 INFO     	 * lr: 5e-05
2021-05-05 22:46:00,456 INFO     	 * lr_decay: False
2021-05-05 22:46:00,456 INFO     	 * weight_decay: 0
2021-05-05 22:46:00,456 INFO     	 * optimizer: adam
2021-05-05 22:46:00,456 INFO     	 * momentum: 0.9
2021-05-05 22:46:00,456 INFO     	 * fp16: False
2021-05-05 22:46:00,456 INFO     	 * random_seed: 0
2021-05-05 22:46:01,888 INFO     add linear layer for softmax_loss
2021-05-05 22:46:01,895 DEBUG    74 positive data to encode
2021-05-05 22:46:01,895 DEBUG    preparing negative data
2021-05-05 22:46:38,954 INFO     start model training
2021-05-05 22:46:48,504 INFO     [epoch 0/2, batch_id 0/224] average loss: 1962.844, lr: 2.5e-06
2021-05-05 22:46:53,518 INFO     [epoch 0/2, batch_id 1/224] average loss: 1446.167, lr: 4.5e-06
2021-05-05 22:46:58,487 INFO     [epoch 0/2, batch_id 2/224] average loss: 1158.623, lr: 6.5000000000000004e-06
2021-05-05 22:47:03,491 INFO     [epoch 0/2, batch_id 3/224] average loss: 994.206, lr: 8.500000000000002e-06
2021-05-05 22:47:08,419 INFO     [epoch 0/2, batch_id 4/224] average loss: 1353.053, lr: 1.05e-05
2021-05-05 22:47:13,435 INFO     [epoch 0/2, batch_id 5/224] average loss: 1267.177, lr: 1.25e-05
2021-05-05 22:47:18,439 INFO     [epoch 0/2, batch_id 6/224] average loss: 803.937, lr: 1.45e-05
2021-05-05 22:47:23,390 INFO     [epoch 0/2, batch_id 7/224] average loss: 701.602, lr: 1.65e-05
2021-05-05 22:47:28,370 INFO     [epoch 0/2, batch_id 8/224] average loss: 774.59, lr: 1.85e-05
2021-05-05 22:47:33,352 INFO     [epoch 0/2, batch_id 9/224] average loss: 984.284, lr: 2.05e-05
2021-05-05 22:47:38,340 INFO     [epoch 0/2, batch_id 10/224] average loss: 764.336, lr: 2.25e-05
2021-05-05 22:47:43,311 INFO     [epoch 0/2, batch_id 11/224] average loss: 939.189, lr: 2.45e-05
2021-05-05 22:47:48,384 INFO     [epoch 0/2, batch_id 12/224] average loss: 483.375, lr: 2.6500000000000004e-05
2021-05-05 22:47:53,374 INFO     [epoch 0/2, batch_id 13/224] average loss: 595.765, lr: 2.8499999999999998e-05
2021-05-05 22:47:58,350 INFO     [epoch 0/2, batch_id 14/224] average loss: 850.267, lr: 3.05e-05
2021-05-05 22:48:03,324 INFO     [epoch 0/2, batch_id 15/224] average loss: 519.437, lr: 3.2500000000000004e-05
2021-05-05 22:48:08,291 INFO     [epoch 0/2, batch_id 16/224] average loss: 757.358, lr: 3.45e-05
2021-05-05 22:48:13,253 INFO     [epoch 0/2, batch_id 17/224] average loss: 787.37, lr: 3.65e-05
2021-05-05 22:48:18,233 INFO     [epoch 0/2, batch_id 18/224] average loss: 522.745, lr: 3.85e-05
2021-05-05 22:48:23,205 INFO     [epoch 0/2, batch_id 19/224] average loss: 589.521, lr: 4.05e-05
2021-05-05 22:48:28,185 INFO     [epoch 0/2, batch_id 20/224] average loss: 413.938, lr: 4.25e-05
2021-05-05 22:48:33,160 INFO     [epoch 0/2, batch_id 21/224] average loss: 492.45, lr: 4.4500000000000004e-05
2021-05-05 22:48:38,124 INFO     [epoch 0/2, batch_id 22/224] average loss: 412.069, lr: 4.6500000000000005e-05
2021-05-05 22:48:43,084 INFO     [epoch 0/2, batch_id 23/224] average loss: 784.585, lr: 4.85e-05
2021-05-05 22:48:48,119 INFO     [epoch 0/2, batch_id 24/224] average loss: 446.962, lr: 5e-05
2021-05-05 22:48:53,077 INFO     [epoch 0/2, batch_id 25/224] average loss: 395.747, lr: 5e-05
2021-05-05 22:48:58,046 INFO     [epoch 0/2, batch_id 26/224] average loss: 548.615, lr: 5e-05
2021-05-05 22:49:03,007 INFO     [epoch 0/2, batch_id 27/224] average loss: 539.412, lr: 5e-05
2021-05-05 22:49:07,957 INFO     [epoch 0/2, batch_id 28/224] average loss: 350.968, lr: 5e-05
2021-05-05 22:49:12,911 INFO     [epoch 0/2, batch_id 29/224] average loss: 381.381, lr: 5e-05
2021-05-05 22:49:17,869 INFO     [epoch 0/2, batch_id 30/224] average loss: 455.287, lr: 5e-05
2021-05-05 22:49:22,817 INFO     [epoch 0/2, batch_id 31/224] average loss: 325.863, lr: 5e-05
2021-05-05 22:49:27,773 INFO     [epoch 0/2, batch_id 32/224] average loss: 267.901, lr: 5e-05
2021-05-05 22:49:32,750 INFO     [epoch 0/2, batch_id 33/224] average loss: 461.982, lr: 5e-05
2021-05-05 22:49:37,683 INFO     [epoch 0/2, batch_id 34/224] average loss: 169.933, lr: 5e-05
2021-05-05 22:49:42,626 INFO     [epoch 0/2, batch_id 35/224] average loss: 351.942, lr: 5e-05
2021-05-05 22:49:47,665 INFO     [epoch 0/2, batch_id 36/224] average loss: 273.372, lr: 5e-05
2021-05-05 22:49:52,618 INFO     [epoch 0/2, batch_id 37/224] average loss: 244.53, lr: 5e-05
2021-05-05 22:49:57,564 INFO     [epoch 0/2, batch_id 38/224] average loss: 227.78, lr: 5e-05
2021-05-05 22:50:02,492 INFO     [epoch 0/2, batch_id 39/224] average loss: 124.892, lr: 5e-05
2021-05-05 22:50:07,562 INFO     [epoch 0/2, batch_id 40/224] average loss: 167.608, lr: 5e-05
2021-05-05 22:50:12,492 INFO     [epoch 0/2, batch_id 41/224] average loss: 168.095, lr: 5e-05
2021-05-05 22:50:17,435 INFO     [epoch 0/2, batch_id 42/224] average loss: 170.862, lr: 5e-05
2021-05-05 22:50:22,428 INFO     [epoch 0/2, batch_id 43/224] average loss: 129.303, lr: 5e-05
2021-05-05 22:50:27,377 INFO     [epoch 0/2, batch_id 44/224] average loss: 90.701, lr: 5e-05
2021-05-05 22:50:32,337 INFO     [epoch 0/2, batch_id 45/224] average loss: 118.23, lr: 5e-05
2021-05-05 22:50:37,307 INFO     [epoch 0/2, batch_id 46/224] average loss: 125.11, lr: 5e-05
2021-05-05 22:50:42,276 INFO     [epoch 0/2, batch_id 47/224] average loss: 137.981, lr: 5e-05
2021-05-05 22:50:47,324 INFO     [epoch 0/2, batch_id 48/224] average loss: 121.164, lr: 5e-05
2021-05-05 22:50:52,307 INFO     [epoch 0/2, batch_id 49/224] average loss: 148.835, lr: 5e-05
2021-05-05 22:50:57,303 INFO     [epoch 0/2, batch_id 50/224] average loss: 94.626, lr: 5e-05
2021-05-05 22:51:02,288 INFO     [epoch 0/2, batch_id 51/224] average loss: 164.633, lr: 5e-05
2021-05-05 22:51:07,662 INFO     [epoch 0/2, batch_id 52/224] average loss: 137.557, lr: 5e-05
2021-05-05 22:51:12,594 INFO     [epoch 0/2, batch_id 53/224] average loss: 141.029, lr: 5e-05
2021-05-05 22:51:17,551 INFO     [epoch 0/2, batch_id 54/224] average loss: 83.143, lr: 5e-05
2021-05-05 22:51:22,463 INFO     [epoch 0/2, batch_id 55/224] average loss: 90.44, lr: 5e-05
2021-05-05 22:51:27,427 INFO     [epoch 0/2, batch_id 56/224] average loss: 78.247, lr: 5e-05
2021-05-05 22:51:32,415 INFO     [epoch 0/2, batch_id 57/224] average loss: 128.711, lr: 5e-05
2021-05-05 22:51:37,380 INFO     [epoch 0/2, batch_id 58/224] average loss: 90.371, lr: 5e-05
2021-05-05 22:51:42,342 INFO     [epoch 0/2, batch_id 59/224] average loss: 108.585, lr: 5e-05
2021-05-05 22:51:47,435 INFO     [epoch 0/2, batch_id 60/224] average loss: 76.896, lr: 5e-05
2021-05-05 22:51:52,356 INFO     [epoch 0/2, batch_id 61/224] average loss: 108.774, lr: 5e-05
2021-05-05 22:51:57,312 INFO     [epoch 0/2, batch_id 62/224] average loss: 72.148, lr: 5e-05
2021-05-05 22:52:02,264 INFO     [epoch 0/2, batch_id 63/224] average loss: 93.096, lr: 5e-05
2021-05-05 22:52:07,237 INFO     [epoch 0/2, batch_id 64/224] average loss: 70.253, lr: 5e-05
2021-05-05 22:52:12,214 INFO     [epoch 0/2, batch_id 65/224] average loss: 52.65, lr: 5e-05
2021-05-05 22:52:17,156 INFO     [epoch 0/2, batch_id 66/224] average loss: 57.635, lr: 5e-05
2021-05-05 22:52:22,254 INFO     [epoch 0/2, batch_id 67/224] average loss: 98.53, lr: 5e-05
2021-05-05 22:52:27,237 INFO     [epoch 0/2, batch_id 68/224] average loss: 90.296, lr: 5e-05
2021-05-05 22:52:32,224 INFO     [epoch 0/2, batch_id 69/224] average loss: 63.122, lr: 5e-05
2021-05-05 22:52:37,171 INFO     [epoch 0/2, batch_id 70/224] average loss: 73.556, lr: 5e-05
2021-05-05 22:52:42,133 INFO     [epoch 0/2, batch_id 71/224] average loss: 40.546, lr: 5e-05
2021-05-05 22:52:47,153 INFO     [epoch 0/2, batch_id 72/224] average loss: 77.399, lr: 5e-05
2021-05-05 22:52:52,121 INFO     [epoch 0/2, batch_id 73/224] average loss: 72.276, lr: 5e-05
2021-05-05 22:52:57,470 INFO     [epoch 0/2, batch_id 74/224] average loss: 93.264, lr: 5e-05
2021-05-05 22:53:02,404 INFO     [epoch 0/2, batch_id 75/224] average loss: 114.595, lr: 5e-05
2021-05-05 22:53:07,381 INFO     [epoch 0/2, batch_id 76/224] average loss: 92.795, lr: 5e-05
2021-05-05 22:53:12,340 INFO     [epoch 0/2, batch_id 77/224] average loss: 63.385, lr: 5e-05
2021-05-05 22:53:17,352 INFO     [epoch 0/2, batch_id 78/224] average loss: 93.08, lr: 5e-05
2021-05-05 22:53:22,298 INFO     [epoch 0/2, batch_id 79/224] average loss: 54.262, lr: 5e-05
2021-05-05 22:53:27,249 INFO     [epoch 0/2, batch_id 80/224] average loss: 91.468, lr: 5e-05
2021-05-05 22:53:32,228 INFO     [epoch 0/2, batch_id 81/224] average loss: 83.664, lr: 5e-05
2021-05-05 22:53:37,221 INFO     [epoch 0/2, batch_id 82/224] average loss: 35.231, lr: 5e-05
2021-05-05 22:53:42,179 INFO     [epoch 0/2, batch_id 83/224] average loss: 34.161, lr: 5e-05
2021-05-05 22:53:47,192 INFO     [epoch 0/2, batch_id 84/224] average loss: 47.068, lr: 5e-05
2021-05-05 22:53:52,171 INFO     [epoch 0/2, batch_id 85/224] average loss: 49.295, lr: 5e-05
2021-05-05 22:53:57,129 INFO     [epoch 0/2, batch_id 86/224] average loss: 81.897, lr: 5e-05
2021-05-05 22:54:02,176 INFO     [epoch 0/2, batch_id 87/224] average loss: 33.845, lr: 5e-05
2021-05-05 22:54:07,149 INFO     [epoch 0/2, batch_id 88/224] average loss: 37.132, lr: 5e-05
2021-05-05 22:54:12,131 INFO     [epoch 0/2, batch_id 89/224] average loss: 67.84, lr: 5e-05
2021-05-05 22:54:17,089 INFO     [epoch 0/2, batch_id 90/224] average loss: 34.923, lr: 5e-05
2021-05-05 22:54:22,034 INFO     [epoch 0/2, batch_id 91/224] average loss: 33.82, lr: 5e-05
2021-05-05 22:54:26,998 INFO     [epoch 0/2, batch_id 92/224] average loss: 25.837, lr: 5e-05
2021-05-05 22:54:31,964 INFO     [epoch 0/2, batch_id 93/224] average loss: 47.581, lr: 5e-05
2021-05-05 22:54:36,906 INFO     [epoch 0/2, batch_id 94/224] average loss: 31.62, lr: 5e-05
2021-05-05 22:54:41,859 INFO     [epoch 0/2, batch_id 95/224] average loss: 20.39, lr: 5e-05
2021-05-05 22:54:46,890 INFO     [epoch 0/2, batch_id 96/224] average loss: 42.713, lr: 5e-05
2021-05-05 22:54:51,833 INFO     [epoch 0/2, batch_id 97/224] average loss: 44.907, lr: 5e-05
2021-05-05 22:54:56,904 INFO     [epoch 0/2, batch_id 98/224] average loss: 43.104, lr: 5e-05
2021-05-05 22:55:01,859 INFO     [epoch 0/2, batch_id 99/224] average loss: 45.874, lr: 5e-05
2021-05-05 22:55:06,806 INFO     [epoch 0/2, batch_id 100/224] average loss: 33.794, lr: 5e-05
2021-05-05 22:55:11,748 INFO     [epoch 0/2, batch_id 101/224] average loss: 26.924, lr: 5e-05
2021-05-05 22:55:16,683 INFO     [epoch 0/2, batch_id 102/224] average loss: 58.567, lr: 5e-05
2021-05-05 22:55:21,616 INFO     [epoch 0/2, batch_id 103/224] average loss: 26.546, lr: 5e-05
2021-05-05 22:55:26,991 INFO     [epoch 0/2, batch_id 104/224] average loss: 40.362, lr: 5e-05
2021-05-05 22:55:31,932 INFO     [epoch 0/2, batch_id 105/224] average loss: 54.826, lr: 5e-05
2021-05-05 22:55:36,909 INFO     [epoch 0/2, batch_id 106/224] average loss: 30.611, lr: 5e-05
2021-05-05 22:55:41,859 INFO     [epoch 0/2, batch_id 107/224] average loss: 14.736, lr: 5e-05
2021-05-05 22:55:46,935 INFO     [epoch 0/2, batch_id 108/224] average loss: 28.025, lr: 5e-05
2021-05-05 22:55:51,876 INFO     [epoch 0/2, batch_id 109/224] average loss: 17.631, lr: 5e-05
2021-05-05 22:55:56,828 INFO     [epoch 0/2, batch_id 110/224] average loss: 35.829, lr: 5e-05
2021-05-05 22:56:01,836 INFO     [epoch 0/2, batch_id 111/224] average loss: 41.567, lr: 5e-05
2021-05-05 22:56:06,913 INFO     [epoch 0/2, batch_id 112/224] average loss: 35.279, lr: 5e-05
2021-05-05 22:56:11,839 INFO     [epoch 0/2, batch_id 113/224] average loss: 23.851, lr: 5e-05
2021-05-05 22:56:16,769 INFO     [epoch 0/2, batch_id 114/224] average loss: 23.047, lr: 5e-05
2021-05-05 22:56:21,711 INFO     [epoch 0/2, batch_id 115/224] average loss: 22.859, lr: 5e-05
2021-05-05 22:56:26,659 INFO     [epoch 0/2, batch_id 116/224] average loss: 21.224, lr: 5e-05
2021-05-05 22:56:31,608 INFO     [epoch 0/2, batch_id 117/224] average loss: 21.931, lr: 5e-05
2021-05-05 22:56:36,556 INFO     [epoch 0/2, batch_id 118/224] average loss: 38.615, lr: 5e-05
2021-05-05 22:56:41,506 INFO     [epoch 0/2, batch_id 119/224] average loss: 42.409, lr: 5e-05
2021-05-05 22:56:46,553 INFO     [epoch 0/2, batch_id 120/224] average loss: 30.332, lr: 5e-05
2021-05-05 22:56:51,478 INFO     [epoch 0/2, batch_id 121/224] average loss: 20.552, lr: 5e-05
2021-05-05 22:56:56,865 INFO     [epoch 0/2, batch_id 122/224] average loss: 32.296, lr: 5e-05
2021-05-05 22:57:01,814 INFO     [epoch 0/2, batch_id 123/224] average loss: 16.884, lr: 5e-05
2021-05-05 22:57:06,766 INFO     [epoch 0/2, batch_id 124/224] average loss: 26.803, lr: 5e-05
2021-05-05 22:57:11,729 INFO     [epoch 0/2, batch_id 125/224] average loss: 20.27, lr: 5e-05
2021-05-05 22:57:16,670 INFO     [epoch 0/2, batch_id 126/224] average loss: 32.963, lr: 5e-05
2021-05-05 22:57:22,035 INFO     [epoch 0/2, batch_id 127/224] average loss: 18.591, lr: 5e-05
2021-05-05 22:57:27,008 INFO     [epoch 0/2, batch_id 128/224] average loss: 22.952, lr: 5e-05
2021-05-05 22:57:31,957 INFO     [epoch 0/2, batch_id 129/224] average loss: 14.882, lr: 5e-05
2021-05-05 22:57:36,896 INFO     [epoch 0/2, batch_id 130/224] average loss: 12.888, lr: 5e-05
2021-05-05 22:57:41,838 INFO     [epoch 0/2, batch_id 131/224] average loss: 17.919, lr: 5e-05
2021-05-05 22:57:46,875 INFO     [epoch 0/2, batch_id 132/224] average loss: 25.268, lr: 5e-05
2021-05-05 22:57:51,810 INFO     [epoch 0/2, batch_id 133/224] average loss: 44.284, lr: 5e-05
2021-05-05 22:57:56,764 INFO     [epoch 0/2, batch_id 134/224] average loss: 16.29, lr: 5e-05
2021-05-05 22:58:01,722 INFO     [epoch 0/2, batch_id 135/224] average loss: 34.162, lr: 5e-05
2021-05-05 22:58:06,694 INFO     [epoch 0/2, batch_id 136/224] average loss: 17.32, lr: 5e-05
2021-05-05 22:58:11,640 INFO     [epoch 0/2, batch_id 137/224] average loss: 14.874, lr: 5e-05
2021-05-05 22:58:16,563 INFO     [epoch 0/2, batch_id 138/224] average loss: 17.69, lr: 5e-05
2021-05-05 22:58:21,508 INFO     [epoch 0/2, batch_id 139/224] average loss: 32.693, lr: 5e-05
2021-05-05 22:58:26,478 INFO     [epoch 0/2, batch_id 140/224] average loss: 16.476, lr: 5e-05
2021-05-05 22:58:31,412 INFO     [epoch 0/2, batch_id 141/224] average loss: 26.693, lr: 5e-05
2021-05-05 22:58:36,408 INFO     [epoch 0/2, batch_id 142/224] average loss: 21.868, lr: 5e-05
2021-05-05 22:58:41,363 INFO     [epoch 0/2, batch_id 143/224] average loss: 42.489, lr: 5e-05
2021-05-05 22:58:46,392 INFO     [epoch 0/2, batch_id 144/224] average loss: 15.496, lr: 5e-05
2021-05-05 22:58:51,336 INFO     [epoch 0/2, batch_id 145/224] average loss: 6.809, lr: 5e-05
2021-05-05 22:58:56,324 INFO     [epoch 0/2, batch_id 146/224] average loss: 17.717, lr: 5e-05
2021-05-05 22:59:01,254 INFO     [epoch 0/2, batch_id 147/224] average loss: 17.834, lr: 5e-05
2021-05-05 22:59:06,244 INFO     [epoch 0/2, batch_id 148/224] average loss: 17.962, lr: 5e-05
2021-05-05 22:59:11,189 INFO     [epoch 0/2, batch_id 149/224] average loss: 17.542, lr: 5e-05
2021-05-05 22:59:16,137 INFO     [epoch 0/2, batch_id 150/224] average loss: 14.088, lr: 5e-05
2021-05-05 22:59:21,097 INFO     [epoch 0/2, batch_id 151/224] average loss: 22.184, lr: 5e-05
2021-05-05 22:59:26,058 INFO     [epoch 0/2, batch_id 152/224] average loss: 6.315, lr: 5e-05
2021-05-05 22:59:31,004 INFO     [epoch 0/2, batch_id 153/224] average loss: 27.28, lr: 5e-05
2021-05-05 22:59:35,968 INFO     [epoch 0/2, batch_id 154/224] average loss: 18.178, lr: 5e-05
2021-05-05 22:59:40,903 INFO     [epoch 0/2, batch_id 155/224] average loss: 9.19, lr: 5e-05
2021-05-05 22:59:45,926 INFO     [epoch 0/2, batch_id 156/224] average loss: 16.08, lr: 5e-05
2021-05-05 22:59:50,875 INFO     [epoch 0/2, batch_id 157/224] average loss: 24.655, lr: 5e-05
2021-05-05 22:59:55,828 INFO     [epoch 0/2, batch_id 158/224] average loss: 24.457, lr: 5e-05
2021-05-05 23:00:00,780 INFO     [epoch 0/2, batch_id 159/224] average loss: 21.333, lr: 5e-05
2021-05-05 23:00:05,720 INFO     [epoch 0/2, batch_id 160/224] average loss: 13.857, lr: 5e-05
2021-05-05 23:00:10,675 INFO     [epoch 0/2, batch_id 161/224] average loss: 11.81, lr: 5e-05
2021-05-05 23:00:15,629 INFO     [epoch 0/2, batch_id 162/224] average loss: 9.969, lr: 5e-05
2021-05-05 23:00:20,609 INFO     [epoch 0/2, batch_id 163/224] average loss: 12.053, lr: 5e-05
2021-05-05 23:00:25,565 INFO     [epoch 0/2, batch_id 164/224] average loss: 14.338, lr: 5e-05
2021-05-05 23:00:30,511 INFO     [epoch 0/2, batch_id 165/224] average loss: 23.8, lr: 5e-05
2021-05-05 23:00:35,473 INFO     [epoch 0/2, batch_id 166/224] average loss: 15.051, lr: 5e-05
2021-05-05 23:00:40,418 INFO     [epoch 0/2, batch_id 167/224] average loss: 21.127, lr: 5e-05
2021-05-05 23:00:45,461 INFO     [epoch 0/2, batch_id 168/224] average loss: 21.102, lr: 5e-05
2021-05-05 23:00:50,420 INFO     [epoch 0/2, batch_id 169/224] average loss: 14.801, lr: 5e-05
2021-05-05 23:00:55,383 INFO     [epoch 0/2, batch_id 170/224] average loss: 13.069, lr: 5e-05
2021-05-05 23:01:00,339 INFO     [epoch 0/2, batch_id 171/224] average loss: 28.071, lr: 5e-05
2021-05-05 23:01:05,321 INFO     [epoch 0/2, batch_id 172/224] average loss: 13.647, lr: 5e-05
2021-05-05 23:01:10,326 INFO     [epoch 0/2, batch_id 173/224] average loss: 20.25, lr: 5e-05
2021-05-05 23:01:15,302 INFO     [epoch 0/2, batch_id 174/224] average loss: 24.304, lr: 5e-05
2021-05-05 23:01:20,260 INFO     [epoch 0/2, batch_id 175/224] average loss: 19.714, lr: 5e-05
2021-05-05 23:01:25,219 INFO     [epoch 0/2, batch_id 176/224] average loss: 12.279, lr: 5e-05
2021-05-05 23:01:30,158 INFO     [epoch 0/2, batch_id 177/224] average loss: 24.035, lr: 5e-05
2021-05-05 23:01:35,113 INFO     [epoch 0/2, batch_id 178/224] average loss: 7.793, lr: 5e-05
2021-05-05 23:01:40,498 INFO     [epoch 0/2, batch_id 179/224] average loss: 5.438, lr: 5e-05
2021-05-05 23:01:45,529 INFO     [epoch 0/2, batch_id 180/224] average loss: 8.222, lr: 5e-05
2021-05-05 23:01:50,471 INFO     [epoch 0/2, batch_id 181/224] average loss: 10.383, lr: 5e-05
2021-05-05 23:01:55,566 INFO     [epoch 0/2, batch_id 182/224] average loss: 7.981, lr: 5e-05
2021-05-05 23:02:00,513 INFO     [epoch 0/2, batch_id 183/224] average loss: 18.658, lr: 5e-05
2021-05-05 23:02:05,462 INFO     [epoch 0/2, batch_id 184/224] average loss: 20.057, lr: 5e-05
2021-05-05 23:02:10,399 INFO     [epoch 0/2, batch_id 185/224] average loss: 7.501, lr: 5e-05
2021-05-05 23:02:15,373 INFO     [epoch 0/2, batch_id 186/224] average loss: 19.734, lr: 5e-05
2021-05-05 23:02:20,349 INFO     [epoch 0/2, batch_id 187/224] average loss: 14.315, lr: 5e-05
2021-05-05 23:02:25,305 INFO     [epoch 0/2, batch_id 188/224] average loss: 6.213, lr: 5e-05
2021-05-05 23:02:30,271 INFO     [epoch 0/2, batch_id 189/224] average loss: 11.129, lr: 5e-05
2021-05-05 23:02:35,218 INFO     [epoch 0/2, batch_id 190/224] average loss: 9.35, lr: 5e-05
2021-05-05 23:02:40,181 INFO     [epoch 0/2, batch_id 191/224] average loss: 21.132, lr: 5e-05
2021-05-05 23:02:45,219 INFO     [epoch 0/2, batch_id 192/224] average loss: 5.203, lr: 5e-05
2021-05-05 23:02:50,189 INFO     [epoch 0/2, batch_id 193/224] average loss: 3.936, lr: 5e-05
2021-05-05 23:02:55,174 INFO     [epoch 0/2, batch_id 194/224] average loss: 12.077, lr: 5e-05
2021-05-05 23:03:00,138 INFO     [epoch 0/2, batch_id 195/224] average loss: 20.335, lr: 5e-05
2021-05-05 23:03:05,089 INFO     [epoch 0/2, batch_id 196/224] average loss: 9.173, lr: 5e-05
2021-05-05 23:03:10,024 INFO     [epoch 0/2, batch_id 197/224] average loss: 12.652, lr: 5e-05
2021-05-05 23:03:14,988 INFO     [epoch 0/2, batch_id 198/224] average loss: 5.699, lr: 5e-05
2021-05-05 23:03:19,944 INFO     [epoch 0/2, batch_id 199/224] average loss: 11.642, lr: 5e-05
2021-05-05 23:03:24,897 INFO     [epoch 0/2, batch_id 200/224] average loss: 9.802, lr: 5e-05
2021-05-05 23:03:29,851 INFO     [epoch 0/2, batch_id 201/224] average loss: 9.362, lr: 5e-05
2021-05-05 23:03:34,804 INFO     [epoch 0/2, batch_id 202/224] average loss: 9.548, lr: 5e-05
2021-05-05 23:03:39,757 INFO     [epoch 0/2, batch_id 203/224] average loss: 14.28, lr: 5e-05
2021-05-05 23:03:44,803 INFO     [epoch 0/2, batch_id 204/224] average loss: 8.104, lr: 5e-05
2021-05-05 23:03:49,755 INFO     [epoch 0/2, batch_id 205/224] average loss: 4.072, lr: 5e-05
2021-05-05 23:03:54,713 INFO     [epoch 0/2, batch_id 206/224] average loss: 8.221, lr: 5e-05
2021-05-05 23:03:59,654 INFO     [epoch 0/2, batch_id 207/224] average loss: 3.246, lr: 5e-05
2021-05-05 23:04:04,611 INFO     [epoch 0/2, batch_id 208/224] average loss: 20.375, lr: 5e-05
2021-05-05 23:04:09,562 INFO     [epoch 0/2, batch_id 209/224] average loss: 11.748, lr: 5e-05
2021-05-05 23:04:14,493 INFO     [epoch 0/2, batch_id 210/224] average loss: 5.566, lr: 5e-05
2021-05-05 23:04:19,429 INFO     [epoch 0/2, batch_id 211/224] average loss: 17.991, lr: 5e-05
2021-05-05 23:04:24,397 INFO     [epoch 0/2, batch_id 212/224] average loss: 5.565, lr: 5e-05
2021-05-05 23:04:29,366 INFO     [epoch 0/2, batch_id 213/224] average loss: 9.09, lr: 5e-05
2021-05-05 23:04:34,375 INFO     [epoch 0/2, batch_id 214/224] average loss: 12.186, lr: 5e-05
2021-05-05 23:04:39,401 INFO     [epoch 0/2, batch_id 215/224] average loss: 9.644, lr: 5e-05
2021-05-05 23:04:44,524 INFO     [epoch 0/2, batch_id 216/224] average loss: 7.398, lr: 5e-05
2021-05-05 23:04:49,519 INFO     [epoch 0/2, batch_id 217/224] average loss: 4.443, lr: 5e-05
2021-05-05 23:04:54,462 INFO     [epoch 0/2, batch_id 218/224] average loss: 3.753, lr: 5e-05
2021-05-05 23:04:59,462 INFO     [epoch 0/2, batch_id 219/224] average loss: 9.242, lr: 5e-05
2021-05-05 23:05:04,422 INFO     [epoch 0/2, batch_id 220/224] average loss: 12.831, lr: 5e-05
2021-05-05 23:05:09,377 INFO     [epoch 0/2, batch_id 221/224] average loss: 9.007, lr: 5e-05
2021-05-05 23:05:14,336 INFO     [epoch 0/2, batch_id 222/224] average loss: 11.16, lr: 5e-05
2021-05-05 23:05:19,312 INFO     [epoch 0/2, batch_id 223/224] average loss: 5.935, lr: 5e-05
2021-05-05 23:05:29,212 INFO     [epoch 1/2, batch_id 0/224] average loss: 2.651, lr: 5e-05
2021-05-05 23:05:34,178 INFO     [epoch 1/2, batch_id 1/224] average loss: 23.325, lr: 5e-05
2021-05-05 23:05:39,150 INFO     [epoch 1/2, batch_id 2/224] average loss: 13.313, lr: 5e-05
2021-05-05 23:05:44,107 INFO     [epoch 1/2, batch_id 3/224] average loss: 9.35, lr: 5e-05
2021-05-05 23:05:49,065 INFO     [epoch 1/2, batch_id 4/224] average loss: 12.017, lr: 5e-05
2021-05-05 23:05:54,021 INFO     [epoch 1/2, batch_id 5/224] average loss: 6.86, lr: 5e-05
2021-05-05 23:05:58,962 INFO     [epoch 1/2, batch_id 6/224] average loss: 10.594, lr: 5e-05
2021-05-05 23:06:03,924 INFO     [epoch 1/2, batch_id 7/224] average loss: 12.796, lr: 5e-05
2021-05-05 23:06:08,868 INFO     [epoch 1/2, batch_id 8/224] average loss: 11.088, lr: 5e-05
2021-05-05 23:06:13,810 INFO     [epoch 1/2, batch_id 9/224] average loss: 5.113, lr: 5e-05
2021-05-05 23:06:18,745 INFO     [epoch 1/2, batch_id 10/224] average loss: 11.804, lr: 5e-05
2021-05-05 23:06:23,699 INFO     [epoch 1/2, batch_id 11/224] average loss: 15.803, lr: 5e-05
2021-05-05 23:06:28,779 INFO     [epoch 1/2, batch_id 12/224] average loss: 12.432, lr: 5e-05
2021-05-05 23:06:33,805 INFO     [epoch 1/2, batch_id 13/224] average loss: 11.58, lr: 5e-05
2021-05-05 23:06:38,760 INFO     [epoch 1/2, batch_id 14/224] average loss: 6.311, lr: 5e-05
2021-05-05 23:06:43,761 INFO     [epoch 1/2, batch_id 15/224] average loss: 7.004, lr: 5e-05
2021-05-05 23:06:48,709 INFO     [epoch 1/2, batch_id 16/224] average loss: 6.891, lr: 5e-05
2021-05-05 23:06:53,654 INFO     [epoch 1/2, batch_id 17/224] average loss: 19.052, lr: 5e-05
2021-05-05 23:06:58,629 INFO     [epoch 1/2, batch_id 18/224] average loss: 7.878, lr: 5e-05
2021-05-05 23:07:04,027 INFO     [epoch 1/2, batch_id 19/224] average loss: 14.454, lr: 5e-05
2021-05-05 23:07:08,982 INFO     [epoch 1/2, batch_id 20/224] average loss: 11.046, lr: 5e-05
2021-05-05 23:07:14,367 INFO     [epoch 1/2, batch_id 21/224] average loss: 8.906, lr: 5e-05
2021-05-05 23:07:19,323 INFO     [epoch 1/2, batch_id 22/224] average loss: 8.283, lr: 5e-05
2021-05-05 23:07:24,312 INFO     [epoch 1/2, batch_id 23/224] average loss: 2.036, lr: 5e-05
2021-05-05 23:07:29,346 INFO     [epoch 1/2, batch_id 24/224] average loss: 11.818, lr: 5e-05
2021-05-05 23:07:34,312 INFO     [epoch 1/2, batch_id 25/224] average loss: 6.138, lr: 5e-05
2021-05-05 23:07:39,288 INFO     [epoch 1/2, batch_id 26/224] average loss: 2.999, lr: 5e-05
2021-05-05 23:07:44,271 INFO     [epoch 1/2, batch_id 27/224] average loss: 11.075, lr: 5e-05
2021-05-05 23:07:49,232 INFO     [epoch 1/2, batch_id 28/224] average loss: 7.178, lr: 5e-05
2021-05-05 23:07:54,213 INFO     [epoch 1/2, batch_id 29/224] average loss: 2.296, lr: 5e-05
2021-05-05 23:07:59,213 INFO     [epoch 1/2, batch_id 30/224] average loss: 18.092, lr: 5e-05
2021-05-05 23:08:04,558 INFO     [epoch 1/2, batch_id 31/224] average loss: 10.529, lr: 5e-05
2021-05-05 23:08:09,505 INFO     [epoch 1/2, batch_id 32/224] average loss: 12.462, lr: 5e-05
2021-05-05 23:08:14,494 INFO     [epoch 1/2, batch_id 33/224] average loss: 9.225, lr: 5e-05
2021-05-05 23:08:19,461 INFO     [epoch 1/2, batch_id 34/224] average loss: 5.001, lr: 5e-05
2021-05-05 23:08:24,447 INFO     [epoch 1/2, batch_id 35/224] average loss: 8.64, lr: 5e-05
2021-05-05 23:08:29,476 INFO     [epoch 1/2, batch_id 36/224] average loss: 2.468, lr: 5e-05
2021-05-05 23:08:34,459 INFO     [epoch 1/2, batch_id 37/224] average loss: 3.535, lr: 5e-05
2021-05-05 23:08:39,439 INFO     [epoch 1/2, batch_id 38/224] average loss: 9.633, lr: 5e-05
2021-05-05 23:08:44,772 INFO     [epoch 1/2, batch_id 39/224] average loss: 9.836, lr: 5e-05
2021-05-05 23:08:49,731 INFO     [epoch 1/2, batch_id 40/224] average loss: 5.733, lr: 5e-05
2021-05-05 23:08:55,122 INFO     [epoch 1/2, batch_id 41/224] average loss: 4.546, lr: 5e-05
2021-05-05 23:09:00,150 INFO     [epoch 1/2, batch_id 42/224] average loss: 3.481, lr: 5e-05
2021-05-05 23:09:05,134 INFO     [epoch 1/2, batch_id 43/224] average loss: 9.097, lr: 5e-05
2021-05-05 23:09:10,096 INFO     [epoch 1/2, batch_id 44/224] average loss: 9.662, lr: 5e-05
2021-05-05 23:09:15,059 INFO     [epoch 1/2, batch_id 45/224] average loss: 1.699, lr: 5e-05
2021-05-05 23:09:20,003 INFO     [epoch 1/2, batch_id 46/224] average loss: 10.879, lr: 5e-05
2021-05-05 23:09:24,965 INFO     [epoch 1/2, batch_id 47/224] average loss: 5.356, lr: 5e-05
2021-05-05 23:09:30,001 INFO     [epoch 1/2, batch_id 48/224] average loss: 14.462, lr: 5e-05
2021-05-05 23:09:34,944 INFO     [epoch 1/2, batch_id 49/224] average loss: 32.6, lr: 5e-05
2021-05-05 23:09:39,898 INFO     [epoch 1/2, batch_id 50/224] average loss: 1.714, lr: 5e-05
2021-05-05 23:09:44,848 INFO     [epoch 1/2, batch_id 51/224] average loss: 2.374, lr: 5e-05
2021-05-05 23:09:49,806 INFO     [epoch 1/2, batch_id 52/224] average loss: 3.359, lr: 5e-05
2021-05-05 23:09:54,777 INFO     [epoch 1/2, batch_id 53/224] average loss: 1.152, lr: 5e-05
2021-05-05 23:09:59,734 INFO     [epoch 1/2, batch_id 54/224] average loss: 15.081, lr: 5e-05
2021-05-05 23:10:04,685 INFO     [epoch 1/2, batch_id 55/224] average loss: 11.734, lr: 5e-05
2021-05-05 23:10:09,631 INFO     [epoch 1/2, batch_id 56/224] average loss: 9.757, lr: 5e-05
2021-05-05 23:10:14,586 INFO     [epoch 1/2, batch_id 57/224] average loss: 5.968, lr: 5e-05
2021-05-05 23:10:19,523 INFO     [epoch 1/2, batch_id 58/224] average loss: 4.311, lr: 5e-05
2021-05-05 23:10:24,440 INFO     [epoch 1/2, batch_id 59/224] average loss: 37.301, lr: 5e-05
2021-05-05 23:10:29,477 INFO     [epoch 1/2, batch_id 60/224] average loss: 22.818, lr: 5e-05
2021-05-05 23:10:34,775 INFO     [epoch 1/2, batch_id 61/224] average loss: 16.411, lr: 5e-05
2021-05-05 23:10:39,739 INFO     [epoch 1/2, batch_id 62/224] average loss: 9.69, lr: 5e-05
2021-05-05 23:10:44,687 INFO     [epoch 1/2, batch_id 63/224] average loss: 2.482, lr: 5e-05
2021-05-05 23:10:49,626 INFO     [epoch 1/2, batch_id 64/224] average loss: 4.931, lr: 5e-05
2021-05-05 23:10:54,684 INFO     [epoch 1/2, batch_id 65/224] average loss: 10.336, lr: 5e-05
2021-05-05 23:10:59,616 INFO     [epoch 1/2, batch_id 66/224] average loss: 6.311, lr: 5e-05
2021-05-05 23:11:04,551 INFO     [epoch 1/2, batch_id 67/224] average loss: 8.917, lr: 5e-05
2021-05-05 23:11:09,509 INFO     [epoch 1/2, batch_id 68/224] average loss: 13.407, lr: 5e-05
2021-05-05 23:11:14,488 INFO     [epoch 1/2, batch_id 69/224] average loss: 7.835, lr: 5e-05
2021-05-05 23:11:19,427 INFO     [epoch 1/2, batch_id 70/224] average loss: 3.227, lr: 5e-05
2021-05-05 23:11:24,373 INFO     [epoch 1/2, batch_id 71/224] average loss: 6.793, lr: 5e-05
2021-05-05 23:11:29,401 INFO     [epoch 1/2, batch_id 72/224] average loss: 7.938, lr: 5e-05
2021-05-05 23:11:34,389 INFO     [epoch 1/2, batch_id 73/224] average loss: 4.331, lr: 5e-05
2021-05-05 23:11:39,368 INFO     [epoch 1/2, batch_id 74/224] average loss: 6.884, lr: 5e-05
2021-05-05 23:11:44,407 INFO     [epoch 1/2, batch_id 75/224] average loss: 12.006, lr: 5e-05
2021-05-05 23:11:49,380 INFO     [epoch 1/2, batch_id 76/224] average loss: 1.674, lr: 5e-05
2021-05-05 23:11:54,325 INFO     [epoch 1/2, batch_id 77/224] average loss: 4.69, lr: 5e-05
2021-05-05 23:11:59,304 INFO     [epoch 1/2, batch_id 78/224] average loss: 5.201, lr: 5e-05
2021-05-05 23:12:04,265 INFO     [epoch 1/2, batch_id 79/224] average loss: 6.12, lr: 5e-05
2021-05-05 23:12:09,222 INFO     [epoch 1/2, batch_id 80/224] average loss: 1.835, lr: 5e-05
2021-05-05 23:12:14,190 INFO     [epoch 1/2, batch_id 81/224] average loss: 8.743, lr: 5e-05
2021-05-05 23:12:19,150 INFO     [epoch 1/2, batch_id 82/224] average loss: 5.299, lr: 5e-05
2021-05-05 23:12:24,102 INFO     [epoch 1/2, batch_id 83/224] average loss: 7.223, lr: 5e-05
2021-05-05 23:12:29,125 INFO     [epoch 1/2, batch_id 84/224] average loss: 10.417, lr: 5e-05
2021-05-05 23:12:34,510 INFO     [epoch 1/2, batch_id 85/224] average loss: 5.063, lr: 5e-05
2021-05-05 23:12:39,469 INFO     [epoch 1/2, batch_id 86/224] average loss: 11.794, lr: 5e-05
2021-05-05 23:12:44,437 INFO     [epoch 1/2, batch_id 87/224] average loss: 17.732, lr: 5e-05
2021-05-05 23:12:49,399 INFO     [epoch 1/2, batch_id 88/224] average loss: 17.812, lr: 5e-05
2021-05-05 23:12:54,351 INFO     [epoch 1/2, batch_id 89/224] average loss: 4.828, lr: 5e-05
2021-05-05 23:12:59,326 INFO     [epoch 1/2, batch_id 90/224] average loss: 20.337, lr: 5e-05
2021-05-05 23:13:04,303 INFO     [epoch 1/2, batch_id 91/224] average loss: 4.986, lr: 5e-05
2021-05-05 23:13:09,655 INFO     [epoch 1/2, batch_id 92/224] average loss: 4.476, lr: 5e-05
2021-05-05 23:13:14,598 INFO     [epoch 1/2, batch_id 93/224] average loss: 7.265, lr: 5e-05
2021-05-05 23:13:19,540 INFO     [epoch 1/2, batch_id 94/224] average loss: 4.871, lr: 5e-05
2021-05-05 23:13:24,491 INFO     [epoch 1/2, batch_id 95/224] average loss: 5.003, lr: 5e-05
2021-05-05 23:13:29,515 INFO     [epoch 1/2, batch_id 96/224] average loss: 2.258, lr: 5e-05
2021-05-05 23:13:34,493 INFO     [epoch 1/2, batch_id 97/224] average loss: 6.039, lr: 5e-05
2021-05-05 23:13:39,420 INFO     [epoch 1/2, batch_id 98/224] average loss: 5.373, lr: 5e-05
2021-05-05 23:13:44,408 INFO     [epoch 1/2, batch_id 99/224] average loss: 5.432, lr: 5e-05
2021-05-05 23:13:49,394 INFO     [epoch 1/2, batch_id 100/224] average loss: 2.18, lr: 5e-05
2021-05-05 23:13:54,377 INFO     [epoch 1/2, batch_id 101/224] average loss: 4.508, lr: 5e-05
2021-05-05 23:13:59,361 INFO     [epoch 1/2, batch_id 102/224] average loss: 4.934, lr: 5e-05
2021-05-05 23:14:04,319 INFO     [epoch 1/2, batch_id 103/224] average loss: 13.433, lr: 5e-05
2021-05-05 23:14:09,305 INFO     [epoch 1/2, batch_id 104/224] average loss: 6.855, lr: 5e-05
2021-05-05 23:14:14,288 INFO     [epoch 1/2, batch_id 105/224] average loss: 7.911, lr: 5e-05
2021-05-05 23:14:19,677 INFO     [epoch 1/2, batch_id 106/224] average loss: 2.754, lr: 5e-05
2021-05-05 23:14:24,623 INFO     [epoch 1/2, batch_id 107/224] average loss: 0.865, lr: 5e-05
2021-05-05 23:14:29,632 INFO     [epoch 1/2, batch_id 108/224] average loss: 8.361, lr: 5e-05
2021-05-05 23:14:34,762 INFO     [epoch 1/2, batch_id 109/224] average loss: 3.755, lr: 5e-05
2021-05-05 23:14:39,688 INFO     [epoch 1/2, batch_id 110/224] average loss: 2.081, lr: 5e-05
2021-05-05 23:14:44,635 INFO     [epoch 1/2, batch_id 111/224] average loss: 3.36, lr: 5e-05
2021-05-05 23:14:49,586 INFO     [epoch 1/2, batch_id 112/224] average loss: 5.053, lr: 5e-05
2021-05-05 23:14:54,540 INFO     [epoch 1/2, batch_id 113/224] average loss: 5.01, lr: 5e-05
2021-05-05 23:14:59,464 INFO     [epoch 1/2, batch_id 114/224] average loss: 4.184, lr: 5e-05
2021-05-05 23:15:04,440 INFO     [epoch 1/2, batch_id 115/224] average loss: 0.704, lr: 5e-05
2021-05-05 23:15:09,375 INFO     [epoch 1/2, batch_id 116/224] average loss: 5.031, lr: 5e-05
2021-05-05 23:15:14,317 INFO     [epoch 1/2, batch_id 117/224] average loss: 5.414, lr: 5e-05
2021-05-05 23:15:19,290 INFO     [epoch 1/2, batch_id 118/224] average loss: 2.47, lr: 5e-05
2021-05-05 23:15:24,283 INFO     [epoch 1/2, batch_id 119/224] average loss: 2.401, lr: 5e-05
2021-05-05 23:15:29,329 INFO     [epoch 1/2, batch_id 120/224] average loss: 4.406, lr: 5e-05
2021-05-05 23:15:34,280 INFO     [epoch 1/2, batch_id 121/224] average loss: 4.917, lr: 5e-05
2021-05-05 23:15:39,219 INFO     [epoch 1/2, batch_id 122/224] average loss: 6.506, lr: 5e-05
2021-05-05 23:15:44,176 INFO     [epoch 1/2, batch_id 123/224] average loss: 3.113, lr: 5e-05
2021-05-05 23:15:49,116 INFO     [epoch 1/2, batch_id 124/224] average loss: 2.382, lr: 5e-05
2021-05-05 23:15:54,074 INFO     [epoch 1/2, batch_id 125/224] average loss: 1.913, lr: 5e-05
2021-05-05 23:15:59,014 INFO     [epoch 1/2, batch_id 126/224] average loss: 0.559, lr: 5e-05
2021-05-05 23:16:03,951 INFO     [epoch 1/2, batch_id 127/224] average loss: 2.291, lr: 5e-05
2021-05-05 23:16:08,882 INFO     [epoch 1/2, batch_id 128/224] average loss: 0.4, lr: 5e-05
2021-05-05 23:16:13,829 INFO     [epoch 1/2, batch_id 129/224] average loss: 5.651, lr: 5e-05
2021-05-05 23:16:18,766 INFO     [epoch 1/2, batch_id 130/224] average loss: 1.831, lr: 5e-05
2021-05-05 23:16:23,705 INFO     [epoch 1/2, batch_id 131/224] average loss: 0.46, lr: 5e-05
2021-05-05 23:16:29,128 INFO     [epoch 1/2, batch_id 132/224] average loss: 0.734, lr: 5e-05
2021-05-05 23:16:34,102 INFO     [epoch 1/2, batch_id 133/224] average loss: 8.215, lr: 5e-05
2021-05-05 23:16:39,061 INFO     [epoch 1/2, batch_id 134/224] average loss: 3.462, lr: 5e-05
2021-05-05 23:16:44,032 INFO     [epoch 1/2, batch_id 135/224] average loss: 11.973, lr: 5e-05
2021-05-05 23:16:48,975 INFO     [epoch 1/2, batch_id 136/224] average loss: 0.616, lr: 5e-05
2021-05-05 23:16:53,930 INFO     [epoch 1/2, batch_id 137/224] average loss: 3.778, lr: 5e-05
2021-05-05 23:16:58,884 INFO     [epoch 1/2, batch_id 138/224] average loss: 12.059, lr: 5e-05
2021-05-05 23:17:03,827 INFO     [epoch 1/2, batch_id 139/224] average loss: 2.418, lr: 5e-05
2021-05-05 23:17:08,784 INFO     [epoch 1/2, batch_id 140/224] average loss: 4.387, lr: 5e-05
2021-05-05 23:17:13,745 INFO     [epoch 1/2, batch_id 141/224] average loss: 2.588, lr: 5e-05
2021-05-05 23:17:18,703 INFO     [epoch 1/2, batch_id 142/224] average loss: 3.381, lr: 5e-05
2021-05-05 23:17:23,656 INFO     [epoch 1/2, batch_id 143/224] average loss: 3.191, lr: 5e-05
2021-05-05 23:17:28,689 INFO     [epoch 1/2, batch_id 144/224] average loss: 5.258, lr: 5e-05
2021-05-05 23:17:34,058 INFO     [epoch 1/2, batch_id 145/224] average loss: 11.647, lr: 5e-05
2021-05-05 23:17:39,012 INFO     [epoch 1/2, batch_id 146/224] average loss: 8.85, lr: 5e-05
2021-05-05 23:17:43,983 INFO     [epoch 1/2, batch_id 147/224] average loss: 3.403, lr: 5e-05
2021-05-05 23:17:48,943 INFO     [epoch 1/2, batch_id 148/224] average loss: 9.791, lr: 5e-05
2021-05-05 23:17:53,917 INFO     [epoch 1/2, batch_id 149/224] average loss: 1.016, lr: 5e-05
2021-05-05 23:17:58,858 INFO     [epoch 1/2, batch_id 150/224] average loss: 13.047, lr: 5e-05
2021-05-05 23:18:03,801 INFO     [epoch 1/2, batch_id 151/224] average loss: 0.68, lr: 5e-05
2021-05-05 23:18:08,746 INFO     [epoch 1/2, batch_id 152/224] average loss: 7.281, lr: 5e-05
2021-05-05 23:18:13,691 INFO     [epoch 1/2, batch_id 153/224] average loss: 3.166, lr: 5e-05
2021-05-05 23:18:18,635 INFO     [epoch 1/2, batch_id 154/224] average loss: 0.648, lr: 5e-05
2021-05-05 23:18:23,565 INFO     [epoch 1/2, batch_id 155/224] average loss: 6.25, lr: 5e-05
2021-05-05 23:18:28,582 INFO     [epoch 1/2, batch_id 156/224] average loss: 5.706, lr: 5e-05
2021-05-05 23:18:33,960 INFO     [epoch 1/2, batch_id 157/224] average loss: 2.641, lr: 5e-05
2021-05-05 23:18:39,346 INFO     [epoch 1/2, batch_id 158/224] average loss: 5.231, lr: 5e-05
2021-05-05 23:18:44,334 INFO     [epoch 1/2, batch_id 159/224] average loss: 7.799, lr: 5e-05
2021-05-05 23:18:49,312 INFO     [epoch 1/2, batch_id 160/224] average loss: 2.915, lr: 5e-05
2021-05-05 23:18:54,264 INFO     [epoch 1/2, batch_id 161/224] average loss: 7.497, lr: 5e-05
2021-05-05 23:18:59,684 INFO     [epoch 1/2, batch_id 162/224] average loss: 2.81, lr: 5e-05
2021-05-05 23:19:04,618 INFO     [epoch 1/2, batch_id 163/224] average loss: 4.97, lr: 5e-05
2021-05-05 23:19:09,609 INFO     [epoch 1/2, batch_id 164/224] average loss: 4.416, lr: 5e-05
2021-05-05 23:19:14,567 INFO     [epoch 1/2, batch_id 165/224] average loss: 1.244, lr: 5e-05
2021-05-05 23:19:19,504 INFO     [epoch 1/2, batch_id 166/224] average loss: 9.294, lr: 5e-05
2021-05-05 23:19:24,849 INFO     [epoch 1/2, batch_id 167/224] average loss: 3.824, lr: 5e-05
2021-05-05 23:19:30,294 INFO     [epoch 1/2, batch_id 168/224] average loss: 0.983, lr: 5e-05
2021-05-05 23:19:35,267 INFO     [epoch 1/2, batch_id 169/224] average loss: 2.352, lr: 5e-05
2021-05-05 23:19:40,237 INFO     [epoch 1/2, batch_id 170/224] average loss: 1.723, lr: 5e-05
2021-05-05 23:19:45,225 INFO     [epoch 1/2, batch_id 171/224] average loss: 8.539, lr: 5e-05
2021-05-05 23:19:50,256 INFO     [epoch 1/2, batch_id 172/224] average loss: 2.478, lr: 5e-05
2021-05-05 23:19:55,629 INFO     [epoch 1/2, batch_id 173/224] average loss: 10.322, lr: 5e-05
2021-05-05 23:20:00,567 INFO     [epoch 1/2, batch_id 174/224] average loss: 3.67, lr: 5e-05
2021-05-05 23:20:05,498 INFO     [epoch 1/2, batch_id 175/224] average loss: 4.727, lr: 5e-05
2021-05-05 23:20:10,437 INFO     [epoch 1/2, batch_id 176/224] average loss: 8.342, lr: 5e-05
2021-05-05 23:20:15,411 INFO     [epoch 1/2, batch_id 177/224] average loss: 8.242, lr: 5e-05
2021-05-05 23:20:20,396 INFO     [epoch 1/2, batch_id 178/224] average loss: 4.827, lr: 5e-05
2021-05-05 23:20:25,372 INFO     [epoch 1/2, batch_id 179/224] average loss: 5.913, lr: 5e-05
2021-05-05 23:20:30,755 INFO     [epoch 1/2, batch_id 180/224] average loss: 2.632, lr: 5e-05
2021-05-05 23:20:36,052 INFO     [epoch 1/2, batch_id 181/224] average loss: 1.887, lr: 5e-05
2021-05-05 23:20:41,001 INFO     [epoch 1/2, batch_id 182/224] average loss: 1.729, lr: 5e-05
2021-05-05 23:20:45,929 INFO     [epoch 1/2, batch_id 183/224] average loss: 4.43, lr: 5e-05
2021-05-05 23:20:50,874 INFO     [epoch 1/2, batch_id 184/224] average loss: 2.077, lr: 5e-05
2021-05-05 23:20:55,809 INFO     [epoch 1/2, batch_id 185/224] average loss: 3.226, lr: 5e-05
2021-05-05 23:21:00,748 INFO     [epoch 1/2, batch_id 186/224] average loss: 2.195, lr: 5e-05
2021-05-05 23:21:05,713 INFO     [epoch 1/2, batch_id 187/224] average loss: 5.835, lr: 5e-05
2021-05-05 23:21:10,656 INFO     [epoch 1/2, batch_id 188/224] average loss: 2.009, lr: 5e-05
2021-05-05 23:21:15,612 INFO     [epoch 1/2, batch_id 189/224] average loss: 3.85, lr: 5e-05
2021-05-05 23:21:20,557 INFO     [epoch 1/2, batch_id 190/224] average loss: 5.943, lr: 5e-05
2021-05-05 23:21:25,488 INFO     [epoch 1/2, batch_id 191/224] average loss: 7.641, lr: 5e-05
2021-05-05 23:21:30,513 INFO     [epoch 1/2, batch_id 192/224] average loss: 9.102, lr: 5e-05
2021-05-05 23:21:35,471 INFO     [epoch 1/2, batch_id 193/224] average loss: 2.097, lr: 5e-05
2021-05-05 23:21:40,446 INFO     [epoch 1/2, batch_id 194/224] average loss: 2.96, lr: 5e-05
2021-05-05 23:21:45,457 INFO     [epoch 1/2, batch_id 195/224] average loss: 3.398, lr: 5e-05
2021-05-05 23:21:50,404 INFO     [epoch 1/2, batch_id 196/224] average loss: 8.023, lr: 5e-05
2021-05-05 23:21:55,364 INFO     [epoch 1/2, batch_id 197/224] average loss: 4.737, lr: 5e-05
2021-05-05 23:22:00,328 INFO     [epoch 1/2, batch_id 198/224] average loss: 2.911, lr: 5e-05
2021-05-05 23:22:05,709 INFO     [epoch 1/2, batch_id 199/224] average loss: 1.538, lr: 5e-05
2021-05-05 23:22:10,631 INFO     [epoch 1/2, batch_id 200/224] average loss: 6.459, lr: 5e-05
2021-05-05 23:22:15,551 INFO     [epoch 1/2, batch_id 201/224] average loss: 4.24, lr: 5e-05
2021-05-05 23:22:20,519 INFO     [epoch 1/2, batch_id 202/224] average loss: 1.743, lr: 5e-05
2021-05-05 23:22:25,453 INFO     [epoch 1/2, batch_id 203/224] average loss: 3.204, lr: 5e-05
2021-05-05 23:22:30,496 INFO     [epoch 1/2, batch_id 204/224] average loss: 4.953, lr: 5e-05
2021-05-05 23:22:35,436 INFO     [epoch 1/2, batch_id 205/224] average loss: 2.31, lr: 5e-05
2021-05-05 23:22:40,419 INFO     [epoch 1/2, batch_id 206/224] average loss: 4.612, lr: 5e-05
2021-05-05 23:22:45,403 INFO     [epoch 1/2, batch_id 207/224] average loss: 0.42, lr: 5e-05
2021-05-05 23:22:50,347 INFO     [epoch 1/2, batch_id 208/224] average loss: 7.946, lr: 5e-05
2021-05-05 23:22:55,316 INFO     [epoch 1/2, batch_id 209/224] average loss: 4.967, lr: 5e-05
2021-05-05 23:23:00,441 INFO     [epoch 1/2, batch_id 210/224] average loss: 2.478, lr: 5e-05
2021-05-05 23:23:05,413 INFO     [epoch 1/2, batch_id 211/224] average loss: 6.453, lr: 5e-05
2021-05-05 23:23:10,333 INFO     [epoch 1/2, batch_id 212/224] average loss: 2.313, lr: 5e-05
2021-05-05 23:23:15,330 INFO     [epoch 1/2, batch_id 213/224] average loss: 2.75, lr: 5e-05
2021-05-05 23:23:20,695 INFO     [epoch 1/2, batch_id 214/224] average loss: 2.186, lr: 5e-05
2021-05-05 23:23:25,618 INFO     [epoch 1/2, batch_id 215/224] average loss: 2.07, lr: 5e-05
2021-05-05 23:23:30,648 INFO     [epoch 1/2, batch_id 216/224] average loss: 2.162, lr: 5e-05
2021-05-05 23:23:35,697 INFO     [epoch 1/2, batch_id 217/224] average loss: 4.357, lr: 5e-05
2021-05-05 23:23:40,643 INFO     [epoch 1/2, batch_id 218/224] average loss: 6.256, lr: 5e-05
2021-05-05 23:23:45,582 INFO     [epoch 1/2, batch_id 219/224] average loss: 1.78, lr: 5e-05
2021-05-05 23:23:50,524 INFO     [epoch 1/2, batch_id 220/224] average loss: 5.128, lr: 5e-05
2021-05-05 23:23:55,483 INFO     [epoch 1/2, batch_id 221/224] average loss: 1.777, lr: 5e-05
2021-05-05 23:24:00,454 INFO     [epoch 1/2, batch_id 222/224] average loss: 5.971, lr: 5e-05
2021-05-05 23:24:05,422 INFO     [epoch 1/2, batch_id 223/224] average loss: 1.834, lr: 5e-05
2021-05-05 23:24:15,904 INFO     complete training: model ckpt was saved at examples/experiments/ablation_study/ckpt/manual
2021-05-05 23:24:16,045 INFO     loading finetuned RelBERT model
2021-05-05 23:24:22,807 INFO     language model running on 2 GPU
2021-05-05 23:24:22,807 DEBUG    	 * template       : None
2021-05-05 23:24:22,807 DEBUG    	 * custom template: c
2021-05-05 23:24:23,436 INFO     train model with examples/experiments/ablation_study/ckpt/manual/epoch_2 on BLESS
2021-05-05 23:24:23,596 DEBUG    18582 positive data to encode
2021-05-05 23:24:51,786 DEBUG    	 * run LM inference
2021-05-05 23:25:51,688 DEBUG    18582 positive data to encode
2021-05-05 23:26:21,502 DEBUG    	 * run LM inference
2021-05-05 23:27:24,380 INFO     	 training data info: data size 18582, label size 6
2021-05-05 23:28:34,679 INFO     	 run test
2021-05-05 23:28:34,720 DEBUG    6637 positive data to encode
2021-05-05 23:28:59,455 DEBUG    	 * run LM inference
2021-05-05 23:29:22,816 DEBUG    6637 positive data to encode
2021-05-05 23:29:47,199 DEBUG    	 * run LM inference
2021-05-05 23:30:11,381 INFO     	 run val
2021-05-05 23:30:11,396 DEBUG    1327 positive data to encode
2021-05-05 23:30:30,474 DEBUG    	 * run LM inference
2021-05-05 23:30:37,412 DEBUG    1327 positive data to encode
2021-05-05 23:30:56,356 DEBUG    	 * run LM inference
2021-05-05 23:31:03,494 INFO     	 accuracy: 
{'model': 'examples/experiments/ablation_study/ckpt/manual/epoch_2', 'both_direction': True, 'label_size': 6, 'data': 'BLESS', 'accuracy/test': 0.9211993370498719, 'f1_macro/test': 0.9154449788273551, 'f1_micro/test': 0.9211993370498719, 'data_size/test': 6637, 'accuracy/test/random': 0.9428958866957963, 'accuracy/test/mero': 0.9758927226156396, 'accuracy/test/event': 0.9597709808648486, 'accuracy/test/hyper': 0.9918637938827783, 'accuracy/test/coord': 0.9891517251770379, 'accuracy/test/attri': 1.0, 'accuracy/val': 0.9238884702336096, 'f1_macro/val': 0.916341311925427, 'f1_micro/val': 0.9238884702336096, 'data_size/val': 1327}
2021-05-05 23:31:03,495 INFO     train model with examples/experiments/ablation_study/ckpt/manual/epoch_2 on K&H+N
2021-05-05 23:31:03,899 DEBUG    40256 positive data to encode
2021-05-05 23:31:42,569 DEBUG    	 * run LM inference
2021-05-05 23:33:52,382 DEBUG    40256 positive data to encode
2021-05-05 23:34:35,357 DEBUG    	 * run LM inference
2021-05-05 23:36:50,617 INFO     	 training data info: data size 40256, label size 4
2021-05-06 00:15:15,761 INFO     	 run test
2021-05-06 00:15:15,851 DEBUG    14377 positive data to encode
2021-05-06 00:15:46,349 DEBUG    	 * run LM inference
2021-05-06 00:16:35,982 DEBUG    14377 positive data to encode
2021-05-06 00:17:07,175 DEBUG    	 * run LM inference
2021-05-06 00:18:09,129 INFO     	 run val
2021-05-06 00:18:09,152 DEBUG    2876 positive data to encode
2021-05-06 00:18:31,018 DEBUG    	 * run LM inference
2021-05-06 00:18:43,218 DEBUG    2876 positive data to encode
2021-05-06 00:19:04,826 DEBUG    	 * run LM inference
2021-05-06 00:19:20,266 INFO     	 accuracy: 
{'model': 'examples/experiments/ablation_study/ckpt/manual/epoch_2', 'both_direction': True, 'label_size': 4, 'data': 'K&H+N', 'accuracy/test': 0.965987340891702, 'f1_macro/test': 0.8971841952316989, 'f1_micro/test': 0.965987340891702, 'data_size/test': 14377, 'accuracy/test/false': 0.9757251165055296, 'accuracy/test/mero': 0.9920706684287404, 'accuracy/test/hypo': 0.9915142241079502, 'accuracy/test/sibl': 1.0, 'accuracy/val': 0.9631432545201669, 'f1_macro/val': 0.8636796022113252, 'f1_micro/val': 0.9631432545201669, 'data_size/val': 2876}
2021-05-06 00:19:20,266 INFO     train model with examples/experiments/ablation_study/ckpt/manual/epoch_2 on EVALution
2021-05-06 00:19:20,301 DEBUG    5160 positive data to encode
2021-05-06 00:19:43,395 DEBUG    	 * run LM inference
2021-05-06 00:20:02,015 DEBUG    5160 positive data to encode
2021-05-06 00:20:24,746 DEBUG    	 * run LM inference
2021-05-06 00:20:44,214 INFO     	 training data info: data size 5160, label size 7
2021-05-06 00:21:00,358 INFO     	 run test
2021-05-06 00:21:00,370 DEBUG    1846 positive data to encode
2021-05-06 00:21:20,132 DEBUG    	 * run LM inference
2021-05-06 00:21:28,853 DEBUG    1846 positive data to encode
2021-05-06 00:21:49,049 DEBUG    	 * run LM inference
2021-05-06 00:21:58,163 INFO     	 run val
2021-05-06 00:21:58,175 DEBUG    372 positive data to encode
2021-05-06 00:22:14,333 DEBUG    	 * run LM inference
2021-05-06 00:22:18,391 DEBUG    372 positive data to encode
2021-05-06 00:22:35,107 DEBUG    	 * run LM inference
2021-05-06 00:22:39,173 INFO     	 accuracy: 
{'model': 'examples/experiments/ablation_study/ckpt/manual/epoch_2', 'both_direction': True, 'label_size': 7, 'data': 'EVALution', 'accuracy/test': 0.7031419284940412, 'f1_macro/test': 0.6875223589303364, 'f1_micro/test': 0.7031419284940412, 'data_size/test': 1846, 'accuracy/test/PartOf': 0.957204767063922, 'accuracy/test/MadeOf': 0.9723726977248104, 'accuracy/test/HasA': 1.0, 'accuracy/test/Antonym': 0.9219934994582882, 'accuracy/test/Synonym': 0.8661971830985915, 'accuracy/test/IsA': 0.8179848320693391, 'accuracy/test/HasProperty': 0.9225352112676056, 'accuracy/val': 0.7580645161290323, 'f1_macro/val': 0.7327608068969017, 'f1_micro/val': 0.7580645161290323, 'data_size/val': 372}
2021-05-06 00:22:39,173 INFO     train model with examples/experiments/ablation_study/ckpt/manual/epoch_2 on CogALexV
2021-05-06 00:22:39,197 DEBUG    3054 positive data to encode
2021-05-06 00:22:59,891 DEBUG    	 * run LM inference
2021-05-06 00:23:12,374 DEBUG    3054 positive data to encode
2021-05-06 00:23:34,100 DEBUG    	 * run LM inference
2021-05-06 00:23:46,247 INFO     	 training data info: data size 3054, label size 5
2021-05-06 00:23:54,720 INFO     	 run test
2021-05-06 00:23:54,755 DEBUG    4260 positive data to encode
2021-05-06 00:24:16,605 DEBUG    	 * run LM inference
2021-05-06 00:24:33,202 DEBUG    4260 positive data to encode
2021-05-06 00:24:54,921 DEBUG    	 * run LM inference
2021-05-06 00:25:12,322 INFO     	 accuracy: 
{'model': 'examples/experiments/ablation_study/ckpt/manual/epoch_2', 'both_direction': True, 'label_size': 5, 'data': 'CogALexV', 'accuracy/test': 0.8720657276995305, 'f1_macro/test': 0.7276213654591985, 'f1_micro/test': 0.8720657276995305, 'data_size/test': 4260, 'accuracy/test/RANDOM': 0.9225352112676056, 'accuracy/test/PART_OF': 1.0, 'accuracy/test/ANT': 0.963849765258216, 'accuracy/test/SYN': 0.9446009389671362, 'accuracy/test/HYPER': 0.9396713615023474}
2021-05-06 00:25:12,323 INFO     train model with examples/experiments/ablation_study/ckpt/manual/epoch_2 on ROOT09
2021-05-06 00:25:12,372 DEBUG    8933 positive data to encode
2021-05-06 00:25:38,499 DEBUG    	 * run LM inference
2021-05-06 00:26:08,129 DEBUG    8933 positive data to encode
2021-05-06 00:26:33,691 DEBUG    	 * run LM inference
2021-05-06 00:27:05,859 INFO     	 training data info: data size 8933, label size 3
2021-05-06 00:27:28,772 INFO     	 run test
2021-05-06 00:27:28,798 DEBUG    3191 positive data to encode
2021-05-06 00:27:51,864 DEBUG    	 * run LM inference
2021-05-06 00:28:04,467 DEBUG    3191 positive data to encode
2021-05-06 00:28:27,668 DEBUG    	 * run LM inference
2021-05-06 00:28:41,748 INFO     	 run val
2021-05-06 00:28:41,755 DEBUG    638 positive data to encode
2021-05-06 00:29:02,470 DEBUG    	 * run LM inference
2021-05-06 00:29:07,474 DEBUG    638 positive data to encode
2021-05-06 00:29:28,122 DEBUG    	 * run LM inference
2021-05-06 00:29:33,202 INFO     	 accuracy: 
{'model': 'examples/experiments/ablation_study/ckpt/manual/epoch_2', 'both_direction': True, 'label_size': 3, 'data': 'ROOT09', 'accuracy/test': 0.911939830774052, 'f1_macro/test': 0.9120915877047443, 'f1_micro/test': 0.911939830774052, 'data_size/test': 3191, 'accuracy/test/RANDOM': 1.0, 'accuracy/test/HYPER': 0.9172673143215293, 'accuracy/test/COORD': 0.9868379818238796, 'accuracy/val': 0.9137931034482759, 'f1_macro/val': 0.909897637058278, 'f1_micro/val': 0.9137931034482759, 'data_size/val': 638}
2021-05-06 00:29:33,610 INFO     loading finetuned RelBERT model
2021-05-06 00:29:50,388 INFO     language model running on 2 GPU
2021-05-06 00:29:50,389 DEBUG    	 * template       : None
2021-05-06 00:29:50,389 DEBUG    	 * custom template: c
2021-05-06 00:29:51,050 INFO     train model with relbert_output/ckpt/roberta_custom_c/epoch_2 on BLESS
2021-05-06 00:29:51,208 DEBUG    18582 positive data to encode
2021-05-06 00:30:20,443 DEBUG    	 * run LM inference
2021-05-06 00:31:20,690 DEBUG    18582 positive data to encode
2021-05-06 00:31:50,950 DEBUG    	 * run LM inference
2021-05-06 00:32:54,357 INFO     	 training data info: data size 18582, label size 6
2021-05-06 00:34:01,300 INFO     	 run test
2021-05-06 00:34:01,347 DEBUG    6637 positive data to encode
2021-05-06 00:34:27,137 DEBUG    	 * run LM inference
2021-05-06 00:34:50,574 DEBUG    6637 positive data to encode
2021-05-06 00:35:16,172 DEBUG    	 * run LM inference
2021-05-06 00:35:40,363 INFO     	 run val
2021-05-06 00:35:40,390 DEBUG    1327 positive data to encode
2021-05-06 00:35:59,699 DEBUG    	 * run LM inference
2021-05-06 00:36:06,926 DEBUG    1327 positive data to encode
2021-05-06 00:36:26,742 DEBUG    	 * run LM inference
2021-05-06 00:36:34,454 INFO     	 accuracy: 
{'model': 'relbert_output/ckpt/roberta_custom_c/epoch_2', 'both_direction': True, 'label_size': 6, 'data': 'BLESS', 'accuracy/test': 0.9205966551152629, 'f1_macro/test': 0.9150738259339457, 'f1_micro/test': 0.9205966551152629, 'data_size/test': 6637, 'accuracy/test/random': 0.940334488473708, 'accuracy/test/mero': 0.970167244236854, 'accuracy/test/event': 0.9641404248907639, 'accuracy/test/hyper': 0.9935211692029532, 'accuracy/test/coord': 0.9894530661443424, 'accuracy/test/attri': 1.0, 'accuracy/val': 0.9223813112283346, 'f1_macro/val': 0.9148455808651832, 'f1_micro/val': 0.9223813112283346, 'data_size/val': 1327}
2021-05-06 00:36:34,454 INFO     train model with relbert_output/ckpt/roberta_custom_c/epoch_2 on K&H+N
2021-05-06 00:36:34,766 DEBUG    40256 positive data to encode
2021-05-06 00:37:16,092 DEBUG    	 * run LM inference
2021-05-06 00:39:25,775 DEBUG    40256 positive data to encode
2021-05-06 00:40:08,858 DEBUG    	 * run LM inference
2021-05-06 00:42:23,672 INFO     	 training data info: data size 40256, label size 4
2021-05-06 00:53:25,659 INFO     	 run test
2021-05-06 00:53:25,751 DEBUG    14377 positive data to encode
2021-05-06 00:54:17,960 DEBUG    	 * run LM inference
2021-05-06 00:55:08,234 DEBUG    14377 positive data to encode
2021-05-06 00:55:40,538 DEBUG    	 * run LM inference
2021-05-06 00:56:38,461 INFO     	 run val
2021-05-06 00:56:38,493 DEBUG    2876 positive data to encode
2021-05-06 00:57:01,003 DEBUG    	 * run LM inference
2021-05-06 00:57:13,488 DEBUG    2876 positive data to encode
2021-05-06 00:57:35,871 DEBUG    	 * run LM inference
2021-05-06 00:57:50,444 INFO     	 accuracy: 
{'model': 'relbert_output/ckpt/roberta_custom_c/epoch_2', 'both_direction': True, 'label_size': 4, 'data': 'K&H+N', 'accuracy/test': 0.9653613410308131, 'f1_macro/test': 0.8901919183854987, 'f1_micro/test': 0.9653613410308131, 'data_size/test': 14377, 'accuracy/test/false': 0.9739166724629617, 'accuracy/test/mero': 0.9872017806218265, 'accuracy/test/hypo': 0.9917228907282465, 'accuracy/test/sibl': 1.0, 'accuracy/val': 0.9534075104311543, 'f1_macro/val': 0.8510960316910258, 'f1_micro/val': 0.9534075104311543, 'data_size/val': 2876}
2021-05-06 00:57:50,445 INFO     train model with relbert_output/ckpt/roberta_custom_c/epoch_2 on EVALution
2021-05-06 00:57:50,484 DEBUG    5160 positive data to encode
2021-05-06 00:58:14,245 DEBUG    	 * run LM inference
2021-05-06 00:58:33,383 DEBUG    5160 positive data to encode
2021-05-06 00:58:56,648 DEBUG    	 * run LM inference
2021-05-06 00:59:17,244 INFO     	 training data info: data size 5160, label size 7
2021-05-06 00:59:27,934 INFO     	 run test
2021-05-06 00:59:27,952 DEBUG    1846 positive data to encode
2021-05-06 00:59:48,054 DEBUG    	 * run LM inference
2021-05-06 00:59:57,128 DEBUG    1846 positive data to encode
2021-05-06 01:00:17,903 DEBUG    	 * run LM inference
2021-05-06 01:00:27,274 INFO     	 run val
2021-05-06 01:00:27,280 DEBUG    372 positive data to encode
2021-05-06 01:00:43,931 DEBUG    	 * run LM inference
2021-05-06 01:00:48,395 DEBUG    372 positive data to encode
2021-05-06 01:01:05,320 DEBUG    	 * run LM inference
2021-05-06 01:01:09,529 INFO     	 accuracy: 
{'model': 'relbert_output/ckpt/roberta_custom_c/epoch_2', 'both_direction': True, 'label_size': 7, 'data': 'EVALution', 'accuracy/test': 0.7291440953412784, 'f1_macro/test': 0.7184060161162255, 'f1_micro/test': 0.7291440953412786, 'data_size/test': 1846, 'accuracy/test/PartOf': 0.962080173347779, 'accuracy/test/MadeOf': 0.9734561213434453, 'accuracy/test/HasA': 1.0, 'accuracy/test/Antonym': 0.9306608884073673, 'accuracy/test/Synonym': 0.8559046587215602, 'accuracy/test/IsA': 0.8407367280606717, 'accuracy/test/HasProperty': 0.9414951245937161, 'accuracy/val': 0.7553763440860215, 'f1_macro/val': 0.7337726035266149, 'f1_micro/val': 0.7553763440860215, 'data_size/val': 372}
2021-05-06 01:01:09,530 INFO     train model with relbert_output/ckpt/roberta_custom_c/epoch_2 on CogALexV
2021-05-06 01:01:09,554 DEBUG    3054 positive data to encode
2021-05-06 01:01:30,883 DEBUG    	 * run LM inference
2021-05-06 01:01:43,546 DEBUG    3054 positive data to encode
2021-05-06 01:02:04,300 DEBUG    	 * run LM inference
2021-05-06 01:02:17,314 INFO     	 training data info: data size 3054, label size 5
2021-05-06 01:02:36,523 INFO     	 run test
2021-05-06 01:02:36,676 DEBUG    4260 positive data to encode
2021-05-06 01:02:59,077 DEBUG    	 * run LM inference
2021-05-06 01:03:15,980 DEBUG    4260 positive data to encode
2021-05-06 01:03:38,568 DEBUG    	 * run LM inference
2021-05-06 01:03:56,044 INFO     	 accuracy: 
{'model': 'relbert_output/ckpt/roberta_custom_c/epoch_2', 'both_direction': True, 'label_size': 5, 'data': 'CogALexV', 'accuracy/test': 0.8821596244131455, 'f1_macro/test': 0.7399998367570699, 'f1_micro/test': 0.8821596244131455, 'data_size/test': 4260, 'accuracy/test/RANDOM': 0.9269953051643193, 'accuracy/test/PART_OF': 1.0, 'accuracy/test/ANT': 0.9669014084507043, 'accuracy/test/SYN': 0.9504694835680751, 'accuracy/test/HYPER': 0.9453051643192488}
2021-05-06 01:03:56,044 INFO     train model with relbert_output/ckpt/roberta_custom_c/epoch_2 on ROOT09
2021-05-06 01:03:56,228 DEBUG    8933 positive data to encode
2021-05-06 01:04:21,335 DEBUG    	 * run LM inference
2021-05-06 01:04:51,920 DEBUG    8933 positive data to encode
2021-05-06 01:05:16,977 DEBUG    	 * run LM inference
2021-05-06 01:05:49,987 INFO     	 training data info: data size 8933, label size 3
2021-05-06 01:06:22,155 INFO     	 run test
2021-05-06 01:06:22,179 DEBUG    3191 positive data to encode
2021-05-06 01:06:44,322 DEBUG    	 * run LM inference
2021-05-06 01:06:57,765 DEBUG    3191 positive data to encode
2021-05-06 01:07:19,957 DEBUG    	 * run LM inference
2021-05-06 01:07:34,231 INFO     	 run val
2021-05-06 01:07:34,244 DEBUG    638 positive data to encode
2021-05-06 01:07:54,198 DEBUG    	 * run LM inference
2021-05-06 01:07:59,326 DEBUG    638 positive data to encode
2021-05-06 01:08:19,546 DEBUG    	 * run LM inference
2021-05-06 01:08:24,780 INFO     	 accuracy: 
{'model': 'relbert_output/ckpt/roberta_custom_c/epoch_2', 'both_direction': True, 'label_size': 3, 'data': 'ROOT09', 'accuracy/test': 0.9113130680037606, 'f1_macro/test': 0.9096644584079377, 'f1_micro/test': 0.9113130680037606, 'data_size/test': 3191, 'accuracy/test/RANDOM': 1.0, 'accuracy/test/HYPER': 0.9188342212472579, 'accuracy/test/COORD': 0.9874647445941711, 'accuracy/val': 0.9090909090909091, 'f1_macro/val': 0.9016744314774666, 'f1_micro/val': 0.9090909090909091, 'data_size/val': 638}
